<?xml version="1.0" encoding="UTF-8"?>
<robot generator="Robot 7.5 (Python 3.14.0b3 on win32)" generated="2026-09-15T11:56:21.629747" rpa="false" schemaversion="5">
<suite id="s1" name="Api" source="C:\Users\Administrator\Desktop\New folder\Robot-test\api">
<suite id="s1-s1" name="Test" source="C:\Users\Administrator\Desktop\New folder\Robot-test\api\test.robot">
<test id="s1-s1-t1" name="Get User" line="6">
<kw name="GET" owner="RequestsLibrary">
<msg time="2026-09-15T11:56:22.078141" level="INFO">GET Request : url=https://jsonplaceholder.typicode.com/users/1 
 path_url=/users/1 
 headers={'User-Agent': 'python-requests/2.34.2', 'Accept-Encoding': 'gzip, deflate, zstd', 'Accept': '*/*', 'Connection': 'keep-alive'} 
 body=None 
 </msg>
<msg time="2026-09-15T11:56:22.078690" level="INFO">GET Response : url=https://jsonplaceholder.typicode.com/users/1 
 status=200, reason=OK 
 headers={'Date': 'Tue, 15 Sep 2026 04:55:50 GMT', 'Content-Type': 'application/json; charset=utf-8', 'Transfer-Encoding': 'chunked', 'Connection': 'keep-alive', 'access-control-allow-credentials': 'true', 'Cache-Control': 'max-age=43200', 'etag': 'W/"1fd-+2Y3G3w049iSZtw5t1mzSnunngE"', 'expires': '-1', 'nel': '{"report_to":"heroku-nel","response_headers":["Via"],"max_age":3600,"success_fraction":0.01,"failure_fraction":0.1}', 'pragma': 'no-cache', 'report-to': '{"group":"heroku-nel","endpoints":[{"url":"https://nel.heroku.com/reports?s=qJtqMMRM5guCFqa5uc0KGGYvYM%2F1KN5Gd5ASyE9rRNQ%3D\\u0026sid=e11707d5-02a7-43ef-b45e-2cf4d2036f7d\\u0026ts=1789413165"}],"max_age":3600}', 'reporting-endpoints': 'heroku-nel="https://nel.heroku.com/reports?s=qJtqMMRM5guCFqa5uc0KGGYvYM%2F1KN5Gd5ASyE9rRNQ%3D&amp;sid=e11707d5-02a7-43ef-b45e-2cf4d2036f7d&amp;ts=1789413165"', 'Server': 'cloudflare', 'vary': 'Origin, Accept-Encoding', 'via': '2.0 heroku-router', 'x-content-type-options': 'nosniff', 'x-powered-by': 'Express', 'x-ratelimit-limit': '1000', 'x-ratelimit-remaining': '977', 'x-ratelimit-reset': '1789413218', 'Age': '6170', 'cf-cache-status': 'HIT', 'Content-Encoding': 'zstd', 'CF-RAY': 'a3b50a9e6f707b14-SIN', 'alt-svc': 'h3=":443"; ma=86400'} 
 body={
  "id": 1,
  "name": "Leanne Graham",
  "username": "Bret",
  "email": "Sincere@april.biz",
  "address": {
    "street": "Kulas Light",
    "suite": "Apt. 556",
    "city": "Gwenborough",
    "zipcode": "92998-3874",
    "geo": {
      "lat": "-37.3159",
      "lng": "81.1496"
    }
  },
  "phone": "1-770-736-8031 x56442",
  "website": "hildegard.org",
  "company": {
    "name": "Romaguera-Crona",
    "catchPhrase": "Multi-layered client-server neural-net",
    "bs": "harness real-time e-markets"
  }
} 
 </msg>
<msg time="2026-09-15T11:56:22.079275" level="INFO">${response} = &lt;Response [200]&gt;</msg>
<var>${response}</var>
<arg>${BASE_URL}/users/1</arg>
<doc>Sends a GET request.</doc>
<status status="PASS" start="2026-09-15T11:56:21.736349" elapsed="0.343051"/>
</kw>
<kw name="Status Should Be" owner="RequestsLibrary">
<arg>200</arg>
<arg>${response}</arg>
<doc>Fails if response status code is different than the expected.</doc>
<status status="PASS" start="2026-09-15T11:56:22.080655" elapsed="0.000975"/>
</kw>
<status status="PASS" start="2026-09-15T11:56:21.735588" elapsed="0.346905"/>
</test>
<status status="PASS" start="2026-09-15T11:56:21.663193" elapsed="0.421964"/>
</suite>
<suite id="s1-s2" name="Test2" source="C:\Users\Administrator\Desktop\New folder\Robot-test\api\test2.robot">
<test id="s1-s2-t1" name="Get Post By Id" line="7">
<kw name="GET" owner="RequestsLibrary">
<msg time="2026-09-15T11:56:22.429017" level="INFO">GET Request : url=https://jsonplaceholder.typicode.com/posts/1 
 path_url=/posts/1 
 headers={'User-Agent': 'python-requests/2.34.2', 'Accept-Encoding': 'gzip, deflate, zstd', 'Accept': '*/*', 'Connection': 'keep-alive'} 
 body=None 
 </msg>
<msg time="2026-09-15T11:56:22.429125" level="INFO">GET Response : url=https://jsonplaceholder.typicode.com/posts/1 
 status=200, reason=OK 
 headers={'Date': 'Tue, 15 Sep 2026 04:55:51 GMT', 'Content-Type': 'application/json; charset=utf-8', 'Transfer-Encoding': 'chunked', 'Connection': 'keep-alive', 'access-control-allow-credentials': 'true', 'Cache-Control': 'max-age=43200', 'etag': 'W/"124-yiKdLzqO5gfBrJFrcdJ8Yq0LGnU"', 'expires': '-1', 'nel': '{"report_to":"heroku-nel","response_headers":["Via"],"max_age":3600,"success_fraction":0.01,"failure_fraction":0.1}', 'pragma': 'no-cache', 'report-to': '{"group":"heroku-nel","endpoints":[{"url":"https://nel.heroku.com/reports?s=PD3aZ5JXmnXLLbuM9yuy2jwg6ke8U5C2Yq%2BT0erzkj0%3D\\u0026sid=e11707d5-02a7-43ef-b45e-2cf4d2036f7d\\u0026ts=1775729378"}],"max_age":3600}', 'reporting-endpoints': 'heroku-nel="https://nel.heroku.com/reports?s=PD3aZ5JXmnXLLbuM9yuy2jwg6ke8U5C2Yq%2BT0erzkj0%3D&amp;sid=e11707d5-02a7-43ef-b45e-2cf4d2036f7d&amp;ts=1775729378"', 'Server': 'cloudflare', 'vary': 'Origin, Accept-Encoding', 'via': '2.0 heroku-router', 'x-content-type-options': 'nosniff', 'x-powered-by': 'Express', 'x-ratelimit-limit': '1000', 'x-ratelimit-remaining': '730', 'x-ratelimit-reset': '1775729393', 'Age': '24538', 'cf-cache-status': 'HIT', 'Content-Encoding': 'zstd', 'CF-RAY': 'a3b50aa09ffefd6b-SIN', 'alt-svc': 'h3=":443"; ma=86400'} 
 body={
  "userId": 1,
  "id": 1,
  "title": "sunt aut facere repellat provident occaecati excepturi optio reprehenderit",
  "body": "quia et suscipit\nsuscipit recusandae consequuntur expedita et cum\nreprehenderit molestiae ut ut quas totam\nnostrum rerum est autem sunt rem eveniet architecto"
} 
 </msg>
<msg time="2026-09-15T11:56:22.429298" level="INFO">${response} = &lt;Response [200]&gt;</msg>
<var>${response}</var>
<arg>${BASE_URL}/posts/1</arg>
<doc>Sends a GET request.</doc>
<status status="PASS" start="2026-09-15T11:56:22.095358" elapsed="0.333971"/>
</kw>
<kw name="Status Should Be" owner="RequestsLibrary">
<arg>200</arg>
<arg>${response}</arg>
<doc>Fails if response status code is different than the expected.</doc>
<status status="PASS" start="2026-09-15T11:56:22.429686" elapsed="0.000203"/>
</kw>
<kw name="Log" owner="BuiltIn">
<msg time="2026-09-15T11:56:22.430617" level="INFO">{
  "userId": 1,
  "id": 1,
  "title": "sunt aut facere repellat provident occaecati excepturi optio reprehenderit",
  "body": "quia et suscipit\nsuscipit recusandae consequuntur expedita et cum\nreprehenderit molestiae ut ut quas totam\nnostrum rerum est autem sunt rem eveniet architecto"
}</msg>
<arg>${response.text}</arg>
<doc>Logs the given message with the given level.</doc>
<status status="PASS" start="2026-09-15T11:56:22.430208" elapsed="0.000469"/>
</kw>
<kw name="Log" owner="BuiltIn">
<msg time="2026-09-15T11:56:22.431404" level="INFO">{'userId': 1, 'id': 1, 'title': 'sunt aut facere repellat provident occaecati excepturi optio reprehenderit', 'body': 'quia et suscipit\nsuscipit recusandae consequuntur expedita et cum\nreprehenderit molestiae ut ut quas totam\nnostrum rerum est autem sunt rem eveniet architecto'}</msg>
<arg>${response.json()}</arg>
<doc>Logs the given message with the given level.</doc>
<status status="PASS" start="2026-09-15T11:56:22.431013" elapsed="0.000447"/>
</kw>
<kw name="Should Be Equal As Integers" owner="BuiltIn">
<msg time="2026-09-15T11:56:22.432125" level="INFO">Argument types are:
&lt;class 'int'&gt;
&lt;class 'str'&gt;</msg>
<arg>${response.json()}[id]</arg>
<arg>1</arg>
<doc>Fails if objects are unequal after converting them to integers.</doc>
<status status="PASS" start="2026-09-15T11:56:22.431750" elapsed="0.000449"/>
</kw>
<status status="PASS" start="2026-09-15T11:56:22.094708" elapsed="0.337812"/>
</test>
<status status="PASS" start="2026-09-15T11:56:22.087947" elapsed="0.345411"/>
</suite>
<status status="PASS" start="2026-09-15T11:56:21.631117" elapsed="0.803251"/>
</suite>
<statistics>
<total>
<stat pass="2" fail="0" skip="0">All Tests</stat>
</total>
<tag>
</tag>
<suite>
<stat name="Api" id="s1" pass="2" fail="0" skip="0">Api</stat>
<stat name="Test" id="s1-s1" pass="1" fail="0" skip="0">Api.Test</stat>
<stat name="Test2" id="s1-s2" pass="1" fail="0" skip="0">Api.Test2</stat>
</suite>
</statistics>
<errors>
</errors>
</robot>
